0.001514 1843
0.003560 1841
0.006446 1840
0.013626 1838
0.014048 1835
0.017884 1833
0.017995 1832
0.023016 1829
0.027466 1828
0.028749 1827
0.029291 1826
0.030487 1825
0.034181 1824
0.038326 1823
0.047028 1822
0.050832 1821
0.055090 1820
0.057167 1819
0.063855 1818
0.087891 1816
0.089886 1815
0.108080 1814
0.113246 1813
0.130581 1812
0.131061 1811
0.134835 1810
0.159027 1809
0.197604 1808
0.223248 1807
0.238852 1806
0.306672 1805
0.399823 1804
1.225436 1803
1.335112 1802
1.450711 1801
1.557625 1800
1.617554 1799
1.715026 1798
