0.002060 1843
0.004422 1842
0.005028 1841
0.005272 1840
0.005393 1838
0.006366 1837
0.006726 1836
0.008785 1834
0.010847 1833
0.011817 1832
0.014104 1831
0.018284 1830
0.020007 1829
0.026184 1827
0.029581 1826
0.031787 1825
0.035185 1824
0.042958 1823
0.053560 1822
0.053794 1821
0.055869 1820
0.056209 1818
0.056506 1817
0.057682 1816
0.058508 1815
0.064434 1814
0.133087 1813
0.176087 1812
0.188882 1811
0.247528 1810
0.248081 1809
0.250592 1808
0.260878 1807
0.357722 1806
0.360981 1805
0.445037 1804
0.468799 1803
0.469153 1802
0.523029 1801
0.537665 1800
0.588290 1799
0.624098 1798
