0.000904 1843
0.002051 1842
0.002642 1841
0.003951 1840
0.004188 1838
0.004900 1837
0.006572 1835
0.007292 1834
0.012428 1833
0.013732 1832
0.017058 1831
0.017703 1829
0.019168 1828
0.020181 1827
0.025852 1826
0.045447 1825
0.047633 1824
0.062192 1823
0.065639 1822
0.095809 1821
0.132145 1820
0.145600 1819
0.150740 1818
0.158302 1817
0.198705 1816
0.212429 1815
0.248042 1814
0.253292 1813
0.271171 1812
0.324968 1811
0.374547 1810
0.419770 1809
0.473021 1808
0.691205 1807
0.698894 1806
0.709314 1805
0.724342 1804
0.748909 1803
0.777999 1802
0.786261 1801
0.810065 1800
0.905637 1799
0.976661 1798
0.992786 1797
1.029297 1796
