0.000750 2267
0.001584 2266
0.005249 2265
0.009849 2264
0.011921 2263
0.013205 2262
0.021956 2261
0.024452 2260
0.024598 2259
0.025037 2258
0.025929 2257
0.026220 2256
0.031326 2255
0.037799 2254
0.042523 2253
0.045299 2252
0.047088 2251
0.048925 2250
0.049933 2249
0.054313 2248
0.055060 2247
0.061220 2246
0.062371 2245
0.065544 2244
0.073341 2243
0.074458 2242
0.075292 2240
0.079253 2239
0.084745 2238
0.088654 2237
0.096730 2236
0.101829 2235
0.128381 2234
0.128674 2233
0.131262 2232
0.138648 2231
0.147314 2230
0.159134 2229
0.165131 2228
0.172239 2227
0.197383 2226
0.202130 2225
0.213086 2224
0.217150 2223
0.219762 2222
0.244430 2221
0.308352 2220
0.315164 2219
0.360090 2218
0.374056 2217
0.392194 2216
0.428689 2215
0.499491 2214
0.577996 2213
