0.001767 1843
0.003176 1840
0.004125 1839
0.004861 1838
0.005976 1836
0.008482 1834
0.011572 1832
0.017110 1831
0.019356 1830
0.022178 1829
0.022317 1828
0.022655 1825
0.026782 1824
0.038286 1823
0.042631 1822
0.043768 1821
0.045068 1820
0.046135 1819
0.049354 1818
0.067897 1817
0.077043 1816
0.103033 1815
0.104619 1814
0.116806 1813
0.121193 1812
0.146113 1811
0.206483 1810
0.226688 1808
0.233378 1807
0.291203 1806
0.352270 1805
0.372808 1804
0.398988 1803
0.438869 1802
0.585810 1801
0.593120 1800
0.615824 1799
0.708921 1798
