0.000794 2267
0.002630 2266
0.009331 2265
0.010328 2264
0.010493 2263
0.012277 2262
0.013591 2261
0.015967 2260
0.027330 2259
0.032179 2258
0.036516 2257
0.037160 2256
0.043170 2255
0.057086 2254
0.060310 2253
0.077377 2252
0.079720 2251
0.081157 2250
0.082272 2249
0.086738 2248
0.096897 2247
0.098363 2246
0.103320 2245
0.103769 2244
0.110741 2243
0.133847 2242
0.134490 2241
0.137685 2240
0.140745 2239
0.144633 2238
0.153482 2237
0.155408 2236
0.176293 2235
0.201906 2234
0.215904 2233
0.227345 2232
0.237253 2231
0.241968 2230
0.246581 2229
0.269203 2228
0.291042 2227
0.293926 2226
0.306353 2225
0.330721 2224
0.343889 2223
0.367724 2222
0.402695 2221
0.417321 2220
0.439975 2219
0.462749 2218
0.514228 2217
0.528250 2216
0.573973 2215
0.578964 2214
0.593957 2213
0.624673 2212
0.637336 2211
0.654564 2210
0.657496 2209
