0.000826 2267
0.004960 2266
0.006754 2264
0.008027 2263
0.010748 2262
0.015291 2261
0.017042 2260
0.018663 2259
0.027567 2258
0.028933 2257
0.034793 2256
0.040290 2255
0.044797 2254
0.052654 2253
0.058323 2252
0.063494 2251
0.067428 2250
0.070947 2249
0.074732 2248
0.083943 2247
0.088008 2246
0.088872 2245
0.090169 2244
0.095152 2243
0.106599 2242
0.117760 2241
0.121423 2240
0.123694 2239
0.136130 2238
0.137130 2237
0.141770 2236
0.157699 2235
0.160025 2234
0.182678 2233
0.203285 2232
0.205464 2231
0.217977 2230
0.229365 2229
0.233372 2228
0.244555 2227
0.245727 2226
0.246016 2225
0.262302 2224
0.270124 2223
0.281800 2222
0.294897 2221
0.341220 2220
0.362783 2219
0.391402 2218
0.409006 2217
0.452588 2216
0.483421 2215
0.512671 2214
0.522729 2213
0.559321 2212
0.668734 2211
0.786446 2210
0.791199 2209
