0.001398 1843
0.002821 1842
0.004590 1840
0.005310 1839
0.007416 1838
0.007661 1837
0.008028 1836
0.008150 1834
0.009623 1833
0.019046 1831
0.020370 1830
0.023367 1826
0.023947 1824
0.034357 1823
0.037218 1822
0.038072 1821
0.039309 1820
0.045586 1818
0.055206 1817
0.079030 1816
0.086759 1815
0.093802 1814
0.096120 1813
0.109467 1812
0.137018 1811
0.138430 1809
0.175275 1808
0.202705 1807
0.212271 1806
0.222072 1805
0.583120 1804
0.599532 1803
0.600060 1802
0.608224 1801
0.639186 1800
0.644129 1799
0.663921 1798
0.710997 1797
0.735235 1796
0.774335 1795
0.873697 1794
