0.001457 1843
0.003425 1842
0.004740 1839
0.005352 1838
0.006604 1837
0.009061 1834
0.011060 1833
0.015000 1832
0.016625 1831
0.016897 1830
0.019206 1829
0.019522 1828
0.022698 1827
0.026982 1825
0.029578 1824
0.030183 1823
0.036663 1822
0.037671 1821
0.044750 1820
0.069817 1819
0.085720 1818
0.087566 1817
0.090193 1816
0.117476 1815
0.123223 1813
0.153566 1812
0.179176 1810
0.221939 1809
0.289252 1808
0.349791 1807
0.349910 1806
0.360799 1805
0.409676 1804
0.523323 1803
0.944287 1802
0.947772 1801
0.973995 1800
1.619172 1799
1.689103 1798
1.707946 1797
1.733983 1796
