0.001150 1843
0.005372 1840
0.006130 1839
0.007260 1838
0.008801 1836
0.010093 1835
0.012654 1834
0.013993 1833
0.015260 1832
0.018789 1830
0.019616 1828
0.024814 1827
0.025301 1826
0.025434 1825
0.031212 1822
0.040503 1821
0.049029 1820
0.050532 1819
0.056303 1818
0.061383 1816
0.087182 1815
0.094771 1814
0.105989 1813
0.117525 1812
0.142910 1811
0.154255 1810
0.213697 1809
0.293148 1808
0.304413 1807
0.372558 1806
0.382221 1805
0.406786 1804
0.744132 1803
0.761368 1802
0.827136 1801
0.878761 1800
0.895098 1799
0.935128 1798
0.974786 1797
