0.000822 2267
0.008086 2266
0.008276 2265
0.011744 2264
0.011907 2263
0.016306 2262
0.017239 2261
0.018879 2260
0.019743 2259
0.026804 2258
0.030646 2257
0.031039 2256
0.031906 2255
0.037939 2254
0.038590 2253
0.042382 2252
0.043220 2251
0.056502 2250
0.060271 2249
0.062272 2248
0.066199 2247
0.068147 2246
0.071417 2245
0.073924 2244
0.074187 2243
0.076954 2242
0.083995 2241
0.109178 2240
0.120285 2239
0.122182 2238
0.125941 2237
0.128273 2236
0.136386 2235
0.137102 2234
0.151033 2233
0.160680 2232
0.166153 2231
0.175207 2230
0.179536 2229
0.191891 2228
0.216125 2227
0.220195 2226
0.226294 2225
0.226869 2224
0.230155 2223
0.238333 2222
0.257091 2221
0.289469 2220
0.298650 2219
0.337940 2218
0.380074 2217
0.431221 2216
0.495590 2215
0.539649 2214
0.667066 2213
0.738134 2212
