0.000766 2267
0.005143 2266
0.010780 2265
0.012102 2264
0.020979 2263
0.022825 2262
0.023261 2261
0.026273 2260
0.026402 2259
0.028881 2258
0.030169 2257
0.037818 2256
0.041241 2255
0.042546 2254
0.044488 2253
0.056849 2252
0.067271 2251
0.074236 2250
0.075111 2249
0.084710 2248
0.086603 2247
0.093391 2246
0.097952 2245
0.099755 2244
0.105549 2243
0.112828 2242
0.114271 2241
0.116592 2240
0.120362 2239
0.130396 2238
0.138894 2237
0.153026 2236
0.168523 2235
0.181786 2234
0.183080 2233
0.184442 2232
0.220077 2231
0.250996 2230
0.254336 2229
0.267909 2228
0.273871 2227
0.280517 2226
0.311622 2225
0.346400 2224
0.376390 2223
0.379273 2222
0.452162 2221
0.479898 2220
0.493397 2219
0.506971 2218
0.525585 2217
0.589986 2216
0.652974 2215
0.706423 2214
0.746393 2213
0.850011 2212
0.911694 2211
1.006287 2210
1.066648 2209
