0.000878 1843
0.003300 1842
0.003422 1840
0.004141 1839
0.005211 1838
0.007154 1837
0.007512 1836
0.007873 1835
0.012024 1834
0.012440 1833
0.012711 1832
0.014458 1831
0.014594 1830
0.014868 1829
0.020716 1828
0.021087 1827
0.021551 1826
0.028309 1825
0.031852 1824
0.033823 1823
0.034761 1822
0.041569 1821
0.044906 1820
0.050418 1819
0.054830 1818
0.077942 1817
0.085765 1816
0.090418 1815
0.098018 1814
0.106297 1813
0.128626 1812
0.155726 1811
0.158373 1810
0.182255 1809
0.220800 1808
0.259666 1807
0.286198 1806
0.316873 1805
0.366131 1804
0.893861 1803
0.907150 1802
0.939220 1801
0.944886 1800
0.975553 1799
1.034601 1798
