0.000907 1843
0.002456 1840
0.004605 1839
0.005409 1838
0.005770 1837
0.007044 1836
0.007880 1834
0.008476 1833
0.008842 1831
0.012195 1830
0.019684 1828
0.020870 1827
0.022162 1825
0.027537 1824
0.033811 1822
0.040783 1821
0.053268 1820
0.058017 1819
0.062198 1818
0.065415 1817
0.069268 1816
0.071172 1815
0.087781 1814
0.114108 1813
0.119617 1812
0.144698 1811
0.162770 1810
0.193374 1809
0.220825 1808
0.249233 1807
0.251554 1806
0.307162 1805
0.326076 1804
0.417001 1803
1.314340 1802
1.323647 1801
1.390854 1800
1.495303 1799
1.575028 1798
1.639751 1797
