0.000755 2267
0.001864 2266
0.002896 2265
0.004685 2264
0.007274 2263
0.007785 2262
0.013099 2261
0.021836 2260
0.023882 2259
0.026270 2258
0.029486 2257
0.029651 2256
0.036669 2255
0.040102 2254
0.043944 2253
0.050039 2252
0.055062 2251
0.058469 2250
0.059199 2249
0.082221 2248
0.085221 2247
0.086589 2246
0.088156 2245
0.088938 2244
0.106945 2243
0.111245 2242
0.112755 2241
0.114157 2239
0.133490 2238
0.135601 2237
0.148310 2236
0.150472 2235
0.160900 2234
0.171343 2233
0.172657 2232
0.175135 2231
0.181545 2230
0.205081 2229
0.219483 2228
0.230469 2227
0.230972 2226
0.248809 2225
0.260765 2224
0.272825 2223
0.286219 2222
0.288204 2221
0.289701 2220
0.297112 2219
0.315667 2218
0.351963 2217
0.358307 2216
0.363808 2215
0.418326 2214
0.422826 2213
0.507486 2212
0.551982 2211
0.605442 2210
0.690612 2209
