0.000770 2267
0.005299 2266
0.017267 2265
0.017825 2264
0.021111 2263
0.025381 2262
0.025767 2261
0.029436 2260
0.029568 2259
0.038519 2258
0.039819 2257
0.048334 2256
0.064278 2255
0.065943 2254
0.067354 2253
0.072834 2252
0.079843 2250
0.087299 2249
0.089393 2248
0.089966 2247
0.090539 2246
0.096278 2245
0.099564 2244
0.109006 2243
0.109388 2242
0.112031 2241
0.115302 2240
0.118307 2239
0.120816 2238
0.122325 2237
0.126850 2236
0.129601 2235
0.130224 2234
0.135473 2233
0.136395 2232
0.155439 2231
0.171661 2230
0.194223 2229
0.201866 2228
0.201994 2227
0.214300 2226
0.241339 2225
0.260064 2224
0.271560 2223
0.278852 2222
0.308478 2221
0.319579 2220
0.322115 2219
0.375330 2218
0.411010 2217
0.413021 2216
0.490583 2215
0.501620 2214
0.524311 2213
0.561584 2212
0.567709 2211
0.678658 2210
0.691126 2209
