0.000677 2267
0.007983 2266
0.009917 2265
0.011346 2264
0.012379 2263
0.013824 2262
0.018081 2261
0.022196 2260
0.022368 2259
0.026198 2258
0.036876 2257
0.039966 2256
0.040481 2255
0.044814 2254
0.047605 2253
0.055070 2252
0.057735 2251
0.059135 2250
0.062181 2249
0.063312 2248
0.071415 2247
0.074335 2246
0.077460 2245
0.083180 2244
0.085470 2243
0.087272 2242
0.090929 2241
0.091963 2240
0.093109 2239
0.093365 2238
0.099648 2237
0.108308 2236
0.110321 2235
0.111652 2234
0.113876 2233
0.114017 2232
0.160620 2231
0.177857 2230
0.183773 2229
0.201474 2228
0.244522 2227
0.254527 2226
0.281048 2225
0.311994 2224
0.319047 2223
0.328900 2222
0.365516 2221
0.378823 2220
0.397245 2219
0.415662 2218
0.456231 2217
0.487611 2216
0.495064 2215
0.511576 2214
0.580152 2213
0.606423 2212
0.691572 2211
0.782164 2210
0.867018 2209
0.970260 2208
