0.001066 2267
0.003275 2266
0.003422 2265
0.005853 2264
0.007346 2263
0.008663 2262
0.008991 2261
0.012452 2260
0.013912 2259
0.015727 2258
0.016181 2257
0.020834 2256
0.024058 2255
0.029054 2254
0.029934 2253
0.032501 2252
0.033244 2251
0.050753 2250
0.060800 2249
0.063187 2248
0.066586 2247
0.077990 2246
0.078951 2245
0.088388 2244
0.114819 2243
0.121785 2242
0.136166 2241
0.144718 2240
0.146335 2239
0.150722 2238
0.154055 2237
0.167896 2235
0.189658 2234
0.217662 2233
0.218815 2232
0.219244 2231
0.222405 2230
0.226724 2229
0.245405 2228
0.258929 2226
0.271712 2225
0.287091 2224
0.354898 2223
0.379161 2222
0.383307 2221
0.398435 2220
0.454275 2219
0.455265 2218
0.469777 2217
0.551065 2216
0.618143 2215
0.620623 2214
0.664724 2213
0.736002 2212
