0.000809 2267
0.002272 2266
0.009181 2265
0.010496 2264
0.022369 2262
0.024361 2261
0.025344 2260
0.027338 2259
0.034713 2258
0.036055 2257
0.036201 2256
0.045201 2255
0.048974 2254
0.049878 2253
0.056067 2252
0.056672 2251
0.061814 2250
0.080014 2249
0.080999 2248
0.085336 2247
0.089832 2246
0.091291 2245
0.095646 2244
0.096856 2243
0.099088 2242
0.126224 2241
0.132253 2240
0.145216 2239
0.155498 2238
0.171324 2237
0.171468 2236
0.171615 2235
0.172046 2234
0.184832 2233
0.196344 2232
0.221402 2231
0.229701 2230
0.261311 2229
0.264921 2228
0.269465 2227
0.269752 2226
0.272092 2225
0.300428 2224
0.308029 2223
0.316306 2222
0.334511 2221
0.339577 2220
0.371468 2219
0.395033 2218
0.412678 2217
0.462602 2216
