0.001515 1843
0.003439 1842
0.004187 1841
0.004676 1840
0.005152 1839
0.005274 1837
0.005660 1836
0.006341 1834
0.008724 1833
0.008846 1832
0.010745 1830
0.014382 1828
0.022250 1827
0.026379 1825
0.028856 1824
0.029133 1823
0.035947 1822
0.038659 1821
0.054681 1820
0.058778 1819
0.067740 1818
0.094497 1817
0.110356 1816
0.123154 1815
0.159071 1814
0.178913 1813
0.202855 1812
0.212324 1811
0.241668 1810
0.251567 1809
0.312437 1808
0.347590 1807
0.396600 1806
0.427252 1805
0.463692 1804
0.491940 1803
0.550783 1802
0.625924 1801
0.724660 1800
0.826889 1799
