0.001628 1843
0.006674 1842
0.007092 1841
0.007369 1840
0.009447 1839
0.011074 1837
0.013093 1835
0.013213 1834
0.013331 1833
0.015282 1832
0.015518 1831
0.017096 1830
0.019116 1829
0.021544 1828
0.024257 1827
0.026166 1825
0.033572 1824
0.035008 1822
0.071030 1821
0.084480 1820
0.120574 1819
0.144615 1818
0.197708 1817
0.203291 1816
0.252551 1814
0.326480 1813
0.334629 1812
0.360368 1811
0.370938 1810
0.391606 1809
0.400220 1808
0.406311 1807
0.412353 1806
0.454069 1805
0.474496 1804
0.513390 1803
0.574982 1802
0.640804 1801
