0.000673 2267
0.005773 2266
0.007414 2265
0.012737 2264
0.013366 2263
0.015326 2262
0.023696 2261
0.026659 2260
0.027342 2259
0.029956 2258
0.033102 2257
0.038181 2256
0.050164 2255
0.063563 2254
0.063817 2253
0.068273 2252
0.068707 2251
0.069586 2250
0.070772 2249
0.072550 2248
0.076073 2247
0.087096 2246
0.090410 2245
0.096307 2244
0.098184 2243
0.100523 2242
0.112434 2241
0.118729 2240
0.119303 2239
0.130137 2238
0.131642 2237
0.134207 2236
0.138393 2235
0.142566 2234
0.143703 2233
0.144701 2232
0.173739 2231
0.174757 2230
0.177052 2229
0.185938 2228
0.197739 2227
0.215488 2226
0.221075 2225
0.240689 2224
0.243129 2223
0.245424 2222
0.271939 2221
0.306018 2220
0.311053 2219
0.386262 2218
0.431119 2217
0.470561 2216
0.474042 2215
0.502329 2214
0.576440 2213
0.662090 2212
0.735096 2211
0.840287 2210
0.874079 2209
