0.000779 2267
0.008185 2266
0.010868 2265
0.012734 2264
0.017886 2263
0.020706 2262
0.022575 2261
0.022738 2260
0.033197 2259
0.043335 2258
0.044961 2257
0.047724 2256
0.057235 2255
0.058593 2254
0.063439 2253
0.065822 2252
0.074883 2251
0.080154 2250
0.081883 2249
0.082609 2248
0.089476 2247
0.100846 2246
0.101706 2245
0.102035 2244
0.102218 2243
0.106216 2242
0.128373 2241
0.132998 2240
0.138335 2239
0.153683 2238
0.164326 2237
0.169729 2236
0.185397 2235
0.196997 2234
0.199319 2233
0.214559 2232
0.219620 2231
0.223793 2230
0.255242 2229
0.257021 2228
0.302615 2227
0.325783 2226
0.352474 2225
0.388415 2224
0.394284 2223
0.424907 2222
0.465439 2221
0.522595 2220
0.569821 2219
0.603947 2218
0.666012 2217
0.686337 2216
0.729210 2215
0.834272 2214
0.868395 2213
0.947724 2212
0.976819 2211
