0.000904 1843
0.003843 1840
0.006823 1839
0.008328 1838
0.009527 1837
0.009690 1836
0.011844 1835
0.012253 1834
0.017164 1833
0.018261 1832
0.019367 1831
0.021808 1830
0.024437 1829
0.031128 1828
0.035730 1827
0.050402 1826
0.050997 1825
0.063314 1824
0.091656 1823
0.108429 1822
0.115289 1821
0.124134 1820
0.135814 1819
0.158648 1818
0.179538 1817
0.218684 1816
0.266930 1815
0.291741 1814
0.313629 1813
0.321457 1812
0.343425 1811
0.396503 1810
0.425656 1809
0.431523 1808
0.476884 1807
0.478676 1806
0.519216 1805
0.524373 1804
0.581693 1803
0.674009 1802
0.763698 1801
0.825199 1800
0.930507 1799
0.991322 1798
1.069479 1797
