0.000676 2267
0.001645 2266
0.008500 2265
0.010994 2264
0.014953 2263
0.018119 2262
0.018771 2261
0.019208 2260
0.028730 2259
0.030662 2258
0.033487 2257
0.033619 2256
0.044167 2255
0.048842 2254
0.052992 2253
0.054944 2252
0.060051 2251
0.060437 2250
0.063108 2249
0.066178 2248
0.072238 2247
0.074040 2246
0.089439 2245
0.090082 2244
0.100027 2243
0.100652 2242
0.140504 2241
0.142200 2240
0.149522 2239
0.160545 2238
0.170910 2237
0.171543 2236
0.172291 2235
0.177924 2234
0.181563 2233
0.182949 2232
0.192601 2231
0.223178 2230
0.243077 2229
0.257928 2228
0.261698 2227
0.282941 2226
0.296398 2225
0.344631 2224
0.347873 2223
0.354720 2222
0.361576 2221
0.368204 2220
0.402439 2219
0.488862 2218
0.540318 2217
0.663752 2216
0.711556 2215
0.770828 2214
0.848163 2213
