0.000699 2267
0.002762 2266
0.010111 2265
0.013202 2264
0.016468 2263
0.017512 2262
0.029356 2261
0.033503 2260
0.034963 2259
0.037078 2258
0.039280 2257
0.040769 2256
0.044835 2255
0.051688 2254
0.052470 2253
0.057653 2252
0.062897 2251
0.064606 2250
0.065515 2249
0.072236 2248
0.072689 2247
0.078061 2246
0.083068 2245
0.083502 2244
0.100595 2243
0.105077 2242
0.106030 2241
0.106776 2240
0.110604 2239
0.121552 2238
0.122577 2237
0.140301 2236
0.142739 2235
0.144342 2234
0.150235 2233
0.164230 2232
0.180543 2231
0.188301 2230
0.188441 2229
0.222922 2228
0.247720 2227
0.275298 2226
0.315695 2225
0.321901 2224
0.338356 2223
0.414283 2222
0.434941 2221
0.450858 2220
0.455888 2219
0.465997 2218
0.469114 2217
0.478318 2216
0.510577 2215
0.592443 2214
0.681358 2213
0.885891 2212
0.927999 2211
1.032928 2210
1.072542 2209
1.157327 2208
1.160669 2207
