0.000668 2267
0.009779 2266
0.010900 2265
0.013655 2264
0.018395 2263
0.020726 2262
0.022450 2261
0.024385 2260
0.024764 2259
0.025112 2258
0.034256 2257
0.042653 2256
0.045532 2255
0.046424 2254
0.062688 2253
0.064949 2252
0.121794 2251
0.127377 2250
0.143929 2249
0.160310 2248
0.164167 2247
0.190889 2246
0.191214 2245
0.202263 2244
0.216426 2243
0.240269 2242
0.263415 2241
0.264496 2240
0.266152 2239
0.268581 2238
0.272263 2237
0.279157 2236
0.296482 2235
0.297142 2234
0.307860 2233
0.317464 2232
0.331904 2231
0.380619 2230
0.393608 2229
0.420310 2228
0.425666 2227
0.442589 2226
0.444502 2225
0.469317 2224
0.470340 2223
0.479216 2222
0.505798 2221
0.516245 2220
0.518496 2219
0.591213 2218
0.616870 2217
0.641009 2216
0.654749 2215
0.756997 2214
0.786951 2213
0.829097 2212
0.878441 2211
0.966162 2210
1.052315 2209
1.124578 2208
1.168047 2207
