0.000693 2267
0.001977 2266
0.008278 2265
0.012431 2264
0.025052 2263
0.030902 2262
0.031116 2261
0.034524 2260
0.039521 2259
0.041638 2258
0.047521 2257
0.051434 2256
0.057616 2255
0.058385 2254
0.065863 2253
0.070467 2252
0.071126 2250
0.072650 2249
0.085288 2248
0.086553 2247
0.103602 2246
0.107235 2245
0.108969 2244
0.112391 2243
0.120284 2242
0.130551 2241
0.141642 2240
0.142883 2239
0.143016 2238
0.145406 2237
0.158952 2236
0.159865 2235
0.159992 2234
0.168045 2233
0.171453 2232
0.176359 2231
0.180765 2230
0.182216 2229
0.182364 2228
0.183834 2227
0.184481 2226
0.197438 2225
0.209446 2224
0.222785 2223
0.242141 2222
0.271609 2221
0.310855 2220
0.332594 2219
0.364456 2218
0.379823 2217
0.429393 2216
0.480745 2215
0.493613 2214
0.500017 2213
0.515365 2212
0.618725 2211
0.700454 2210
