0.000660 2267
0.001383 2266
0.006352 2265
0.013688 2264
0.013857 2263
0.014375 2262
0.017714 2261
0.018092 2260
0.019267 2259
0.019395 2258
0.019785 2257
0.020039 2256
0.020421 2255
0.021957 2254
0.022475 2253
0.024145 2252
0.024399 2251
0.024525 2250
0.030557 2249
0.033098 2248
0.034887 2247
0.037175 2246
0.040990 2245
0.065718 2244
0.068811 2243
0.069617 2242
0.092296 2241
0.095256 2240
0.100079 2239
0.103721 2238
0.113131 2237
0.115201 2236
0.120129 2235
0.125404 2234
0.135575 2233
0.138206 2232
0.146675 2231
0.153579 2230
0.168308 2229
0.176870 2228
0.204104 2227
0.207344 2226
0.233795 2224
0.269333 2223
0.273191 2222
0.300192 2221
0.309873 2220
0.318916 2219
0.354114 2218
0.361840 2217
0.405576 2216
0.478459 2215
0.563907 2214
0.578930 2213
