0.001414 1843
0.002798 1842
0.004032 1841
0.005447 1839
0.006878 1838
0.011477 1836
0.014567 1835
0.014984 1834
0.017684 1833
0.018735 1831
0.018945 1830
0.019055 1828
0.027491 1826
0.027731 1823
0.033365 1822
0.033599 1821
0.036060 1820
0.040258 1819
0.047396 1817
0.080705 1816
0.102386 1815
0.121183 1814
0.125889 1813
0.146588 1812
0.194604 1811
0.221500 1810
0.224735 1809
0.226878 1808
0.255357 1807
0.293184 1806
0.301825 1805
0.360088 1804
0.455432 1803
1.399521 1802
1.441788 1801
1.458769 1800
1.544346 1799
1.549043 1798
