0.000678 2267
0.003192 2266
0.009386 2265
0.013049 2264
0.017950 2263
0.020459 2262
0.021456 2260
0.025077 2259
0.028840 2258
0.046240 2257
0.048636 2256
0.050544 2255
0.052406 2254
0.053627 2253
0.060851 2252
0.063935 2251
0.068900 2250
0.069284 2249
0.077405 2248
0.080097 2247
0.093879 2246
0.096362 2245
0.102431 2244
0.104804 2243
0.107121 2242
0.131552 2241
0.149510 2240
0.149919 2239
0.151182 2238
0.160015 2237
0.162349 2236
0.174812 2235
0.184294 2234
0.191542 2233
0.203751 2232
0.215350 2231
0.228334 2230
0.236386 2229
0.245556 2228
0.254879 2227
0.270471 2226
0.295181 2225
0.307181 2224
0.312621 2223
0.344382 2222
0.357048 2221
0.377711 2220
0.402760 2219
0.455850 2218
0.493531 2217
0.524492 2216
0.540091 2215
0.612063 2214
0.626738 2213
0.741562 2212
