0.000755 2267
0.004998 2266
0.011356 2265
0.012012 2264
0.013150 2263
0.017107 2262
0.026683 2261
0.034711 2260
0.036190 2259
0.037319 2258
0.043599 2257
0.045353 2256
0.048460 2255
0.050965 2254
0.064692 2253
0.069311 2252
0.071251 2251
0.073669 2250
0.076716 2249
0.083820 2248
0.089464 2247
0.090333 2246
0.092094 2245
0.096947 2244
0.107979 2243
0.108841 2242
0.112006 2241
0.121625 2240
0.134049 2239
0.135790 2238
0.136649 2237
0.141698 2236
0.143588 2235
0.147036 2234
0.159561 2233
0.169890 2232
0.177822 2231
0.179699 2230
0.182744 2229
0.184654 2228
0.185600 2227
0.187542 2226
0.199770 2225
0.236539 2224
0.255479 2223
0.264485 2222
0.284370 2221
0.338674 2220
0.354980 2219
0.383707 2218
0.437269 2217
0.474516 2216
0.484670 2215
0.498756 2214
0.553400 2213
0.598293 2212
0.601002 2211
0.653237 2210
