0.000677 2267
0.003467 2266
0.012698 2265
0.012879 2264
0.024616 2263
0.026409 2262
0.026539 2261
0.028527 2260
0.030585 2259
0.033933 2258
0.038134 2257
0.047578 2256
0.051898 2255
0.060907 2254
0.062805 2253
0.068650 2252
0.079255 2251
0.085386 2250
0.087496 2249
0.091669 2248
0.094567 2247
0.095590 2246
0.112126 2245
0.127326 2244
0.142227 2243
0.149473 2242
0.155747 2241
0.160311 2240
0.171825 2239
0.171972 2238
0.177345 2237
0.185038 2236
0.198272 2235
0.199467 2234
0.203557 2233
0.213296 2232
0.227047 2231
0.231936 2230
0.235812 2229
0.256261 2228
0.258525 2227
0.279445 2226
0.285490 2225
0.296270 2224
0.324057 2223
0.339701 2222
0.387685 2221
0.450534 2220
0.462494 2219
0.484539 2218
0.507892 2217
0.512765 2216
0.587964 2215
0.590545 2214
0.622329 2213
0.686158 2212
