0.000924 1843
0.002351 1842
0.006267 1841
0.006625 1840
0.008432 1839
0.009139 1837
0.010984 1836
0.032459 1835
0.033170 1834
0.033457 1832
0.040349 1831
0.043464 1830
0.047396 1828
0.047546 1827
0.057073 1824
0.066406 1823
0.068790 1822
0.072487 1821
0.078069 1820
0.104569 1818
0.107571 1817
0.120910 1816
0.130542 1815
0.142443 1814
0.166343 1813
0.178146 1812
0.228853 1811
0.266242 1810
0.320607 1809
0.352584 1808
0.422144 1807
0.446090 1806
0.507827 1805
0.619470 1804
0.721010 1803
1.102771 1801
1.103692 1800
1.126978 1799
1.153741 1798
1.273965 1797
1.313873 1796
1.322603 1795
1.368525 1794
1.474254 1793
1.594346 1792
