0.000960 1843
0.002079 1840
0.002437 1839
0.004743 1837
0.005702 1836
0.009940 1835
0.012200 1834
0.015766 1833
0.017118 1832
0.019050 1831
0.020333 1830
0.022237 1829
0.022863 1828
0.023460 1827
0.029918 1826
0.030038 1825
0.030905 1824
0.032867 1823
0.034972 1822
0.035380 1821
0.040693 1819
0.044485 1818
0.058251 1817
0.060477 1816
0.064719 1815
0.069751 1814
0.087474 1813
0.094108 1812
0.118903 1811
0.128729 1810
0.190449 1809
0.242611 1808
0.260085 1807
0.280851 1806
0.306308 1805
0.336474 1804
0.361163 1803
0.430596 1802
0.502835 1801
