0.001929 1843
0.003279 1841
0.004442 1840
0.005950 1839
0.013234 1838
0.015553 1836
0.017097 1834
0.017535 1833
0.019379 1832
0.020982 1830
0.021490 1829
0.022112 1828
0.024746 1827
0.026264 1826
0.029743 1824
0.033373 1823
0.042477 1822
0.046327 1821
0.054019 1820
0.067981 1819
0.080093 1818
0.102467 1817
0.119607 1816
0.119725 1815
0.133079 1814
0.144838 1813
0.175396 1812
0.248465 1811
0.265146 1810
0.326994 1809
0.417477 1808
0.430378 1807
0.560514 1806
0.626549 1805
0.661098 1804
0.721691 1803
0.756345 1802
