0.001440 1843
0.003006 1842
0.003860 1840
0.007235 1839
0.008025 1837
0.008923 1835
0.013459 1834
0.017034 1833
0.019132 1832
0.023420 1831
0.026795 1828
0.029533 1827
0.042268 1826
0.043112 1825
0.043677 1823
0.044395 1822
0.049087 1821
0.056071 1820
0.070178 1819
0.096682 1817
0.099207 1816
0.110288 1815
0.145016 1814
0.154646 1813
0.166314 1812
0.174195 1811
0.181804 1810
0.206686 1809
0.265274 1808
0.281033 1807
0.293899 1806
0.648007 1805
0.673200 1804
0.694650 1803
0.728218 1802
0.728779 1801
0.748754 1800
0.849566 1799
0.855742 1798
0.933871 1797
